<?xml version="1.0" encoding="UTF-8"?>
<!-- Generated by org.testng.reporters.JUnitReportReporter -->
<testsuite skipped="0" hostname="EXAIN-IT-L0108" name="com.qa.testcases.LoginPageTest" tests="4" failures="0" timestamp="31 Dec 2018 11:36:27 GMT" time="41.566" errors="0">
  <testcase name="loginPageTitleTest" time="8.355" classname="com.qa.testcases.LoginPageTest"/>
  <testcase name="loginPageLogoTest" time="8.146" classname="com.qa.testcases.LoginPageTest"/>
  <testcase name="validateFeaturesLink" time="11.466" classname="com.qa.testcases.LoginPageTest"/>
  <testcase name="loginToFreeCRMApplication" time="13.599" classname="com.qa.testcases.LoginPageTest"/>
</testsuite> <!-- com.qa.testcases.LoginPageTest -->
